0 info it worked if it ends with ok
1 verbose cli [ '/usr/local/bin/node',
1 verbose cli   '/Users/sivragav/npm/bin/npm',
1 verbose cli   'run',
1 verbose cli   'build' ]
2 info using npm@3.9.0
3 info using node@v6.1.0
4 verbose run-script [ 'prebuild', 'build', 'postbuild' ]
5 info lifecycle mediumdesk@0.2.0~prebuild: mediumdesk@0.2.0
6 silly lifecycle mediumdesk@0.2.0~prebuild: no script for prebuild, continuing
7 info lifecycle mediumdesk@0.2.0~build: mediumdesk@0.2.0
8 verbose lifecycle mediumdesk@0.2.0~build: unsafe-perm in lifecycle true
9 verbose lifecycle mediumdesk@0.2.0~build: PATH: /Users/sivragav/npm/lib/node_modules/npm/bin/node-gyp-bin:/Users/sivragav/Repos/mediumdesk/node_modules/.bin:/usr/local/bin:/Users/sivragav/value/kaseya/git-scripts:/Users/sivragav/npm/bin:/Users/sivragav/value/kaseya/ng-cloud/tools/appfabric/aftool/bin:/Users/sivragav/Tools/Backend/apache-ant-1.9.2/bin:/Users/sivragav/Tools/Backend/apache-maven-3.2.1/bin:/Users/sivragav/.rvm/gems/ruby-2.1.2/bin:/Users/sivragav/.rvm/gems/ruby-2.1.2@global/bin:/Users/sivragav/.rvm/rubies/ruby-2.1.2/bin:/usr/local/bin:/usr/bin:/bin:/usr/sbin:/sbin:/usr/local/go/bin:/Users/sivragav/.rvm/bin
10 verbose lifecycle mediumdesk@0.2.0~build: CWD: /Users/sivragav/Repos/mediumdesk
11 silly lifecycle mediumdesk@0.2.0~build: Args: [ '-c',
11 silly lifecycle   'npm run build:osx && npm run build:linux && npm run build:windows' ]
12 silly lifecycle mediumdesk@0.2.0~build: Returned: code: 1  signal: null
13 info lifecycle mediumdesk@0.2.0~build: Failed to exec build script
14 verbose stack Error: mediumdesk@0.2.0 build: `npm run build:osx && npm run build:linux && npm run build:windows`
14 verbose stack Exit status 1
14 verbose stack     at EventEmitter.<anonymous> (/Users/sivragav/npm/lib/node_modules/npm/lib/utils/lifecycle.js:245:16)
14 verbose stack     at emitTwo (events.js:106:13)
14 verbose stack     at EventEmitter.emit (events.js:191:7)
14 verbose stack     at ChildProcess.<anonymous> (/Users/sivragav/npm/lib/node_modules/npm/lib/utils/spawn.js:24:14)
14 verbose stack     at emitTwo (events.js:106:13)
14 verbose stack     at ChildProcess.emit (events.js:191:7)
14 verbose stack     at maybeClose (internal/child_process.js:850:16)
14 verbose stack     at Process.ChildProcess._handle.onexit (internal/child_process.js:215:5)
15 verbose pkgid mediumdesk@0.2.0
16 verbose cwd /Users/sivragav/Repos/mediumdesk
17 error Darwin 15.4.0
18 error argv "/usr/local/bin/node" "/Users/sivragav/npm/bin/npm" "run" "build"
19 error node v6.1.0
20 error npm  v3.9.0
21 error code ELIFECYCLE
22 error mediumdesk@0.2.0 build: `npm run build:osx && npm run build:linux && npm run build:windows`
22 error Exit status 1
23 error Failed at the mediumdesk@0.2.0 build script 'npm run build:osx && npm run build:linux && npm run build:windows'.
23 error Make sure you have the latest version of node.js and npm installed.
23 error If you do, this is most likely a problem with the mediumdesk package,
23 error not with npm itself.
23 error Tell the author that this fails on your system:
23 error     npm run build:osx && npm run build:linux && npm run build:windows
23 error You can get information on how to open an issue for this project with:
23 error     npm bugs mediumdesk
23 error Or if that isn't available, you can get their info via:
23 error     npm owner ls mediumdesk
23 error There is likely additional logging output above.
24 verbose exit [ 1, true ]
